00:17:39 [research-agent-server] INFO: Initialized with workdir: /home/yuxua/hao_ai_lab/research-agent/tests/story/flashinfer-kernel
00:17:39 [research-agent-server] WARNING: ⚠️  RESEARCH_AGENT_KEY environment variable is not set!
00:17:39 [research-agent-server] WARNING:    The Anthropic gateway requires this for authentication.
00:17:39 [research-agent-server] WARNING:    Set it with: export RESEARCH_AGENT_KEY=your-gateway-token
00:17:39 [research-agent-server] WARNING: ⚠️  RESEARCH_AGENT_USER_AUTH_TOKEN is not set!
00:17:39 [research-agent-server] WARNING:    Your server has NO authentication - anyone can access it.
00:17:39 [research-agent-server] WARNING:    For secure remote access, generate a token with:
00:17:39 [research-agent-server] WARNING:      ./generate_auth_token.sh
00:17:39 [research-agent-server] WARNING:    Then set: export RESEARCH_AGENT_USER_AUTH_TOKEN=<token>
00:17:39 [research-agent-server] INFO: Starting Research Agent Server on 0.0.0.0:10099
00:17:39 [research-agent-server] INFO: Working directory: /home/yuxua/hao_ai_lab/research-agent/tests/story/flashinfer-kernel
00:17:40 [wild_loop_v2] INFO: [wild-v2] start() called: goal=Optimize the Triton fused MoE kernel to maximize benchmark speedup. Tune BLOCK_S chat_session=None max_iter=10 autonomy=balanced
00:17:40 [wild_loop_v2] DEBUG: [wild-v2] Session dir: /home/yuxua/hao_ai_lab/research-agent/tests/story/flashinfer-kernel/.agents/wild/wild-1c376ac0
00:17:40 [wild_loop_v2] INFO: [wild-v2] send_chat_message callback: YES
00:17:40 [wild_loop_v2] INFO: [wild-v2] chat_session_id: None
00:17:40 [wild_loop_v2] INFO: [wild-v2] Async loop task created successfully
00:17:40 [wild_loop_v2] INFO: [wild-v2] Started session wild-1c376ac0: goal=Optimize the Triton fused MoE kernel to maximize benchmark speedup. Tune BLOCK_S max_iter=10
00:17:40 [wild_loop_v2] INFO: [wild-v2] _run_loop STARTED for session wild-1c376ac0 (goal=Optimize the Triton fused MoE kernel to maximize benchmark speedup. Tune BLOCK_S)
00:17:40 [wild_loop_v2] INFO: [wild-v2] chat_session_id=None, max_iterations=10, has_callback=True
00:17:40 [wild_loop_v2] INFO: [wild-v2] ========== Iteration 0 (PLANNING) START ==========
00:17:40 [wild_loop_v2] DEBUG: [wild-v2] Planning prompt built, length=11935 chars
00:17:40 [wild_loop_v2] INFO: [wild-v2] No chat callback, using direct OpenCode
00:17:40 [wild_loop_v2] INFO: [wild-v2] Created OpenCode session: ses_3902c7484ffed4EPJlKUW9lV2i
00:17:40 [wild_loop_v2] INFO: [wild-v2] SSE stream connected for session ses_3902c7484ffed4EPJlKUW9lV2i
00:17:40 [wild_loop_v2] INFO: [wild-v2] Prompt sent to session ses_3902c7484ffed4EPJlKUW9lV2i
00:18:54 [wild_loop_v2] INFO: [wild-v2] SSE: session idle — 2566 events, 2413 text deltas, 9394 chars
00:18:54 [wild_loop_v2] INFO: [wild-v2] SSE stream ended: 2566 total events, 2413 text, 9394 chars
00:18:54 [wild_loop_v2] INFO: [wild-v2] Got 9394 chars of response
00:18:54 [wild_loop_v2] INFO: [wild-v2] Planning produced 7889-char plan, written to tasks.md
00:18:54 [wild_loop_v2] INFO: [wild-v2] Git commit: wild-v2: iteration 0 — Optimize the Triton fused MoE kernel to maximize b
00:18:54 [wild_loop_v2] INFO: [wild-v2] ========== Iteration 0 (PLANNING) END (duration=73.4s) ==========
00:18:56 [wild_loop_v2] INFO: [wild-v2] ========== Iteration 1/10 START ==========
00:18:56 [wild_loop_v2] DEBUG: [wild-v2] Prompt built, length=9085 chars
00:18:56 [wild_loop_v2] DEBUG: [wild-v2] Display message: [Wild V2 — Step #1/10]
Role: run
Goal: [P1-T1] Verify environment and dependencies | deliverable: venv activated, requirements installed | done-when: `python -c "import toml; print('OK')"` succeeds
00:18:56 [wild_loop_v2] INFO: [wild-v2] No chat callback, using direct OpenCode
00:18:56 [wild_loop_v2] INFO: [wild-v2] Created OpenCode session: ses_3902b4dafffeEgTf3YlOyxkpFS
00:18:56 [wild_loop_v2] INFO: [wild-v2] SSE stream connected for session ses_3902b4dafffeEgTf3YlOyxkpFS
00:18:56 [wild_loop_v2] INFO: [wild-v2] Prompt sent to session ses_3902b4dafffeEgTf3YlOyxkpFS
00:19:14 [wild_loop_v2] INFO: [wild-v2] SSE: session idle — 285 events, 194 text deltas, 789 chars
00:19:14 [wild_loop_v2] INFO: [wild-v2] SSE stream ended: 285 total events, 194 text, 789 chars
00:19:14 [wild_loop_v2] INFO: [wild-v2] Got 789 chars of response
00:19:14 [wild_loop_v2] INFO: [wild-v2] Response received: 789 chars (preview: Let me start by reading the task file and iteration log to understand what needs to be done. Then I')
00:19:14 [wild_loop_v2] INFO: [wild-v2] Parsed: promise=None, has_plan=False, summary=Let me start by reading the task file and iteration log to understand what needs
00:19:14 [wild_loop_v2] DEBUG: [wild-v2] Read tasks.md from disk: 7889 chars
00:19:14 [wild_loop_v2] INFO: [wild-v2] Iteration 1 metrics: duration=18.2s, files_modified=0, errors=0
00:19:14 [wild_loop_v2] DEBUG: [wild-v2] No progress streak: 1
00:19:14 [wild_loop_v2] DEBUG: [wild-v2] Short iteration count: 1
00:19:14 [wild_loop_v2] INFO: [wild-v2] Git commit: wild-v2: iteration 1 — Optimize the Triton fused MoE kernel to maximize b
00:19:14 [wild_loop_v2] INFO: [wild-v2] ========== Iteration 1/10 END (promise=None, duration=18.2s) ==========
00:19:14 [wild_loop_v2] DEBUG: [wild-v2] Sleeping 2s before next iteration
00:19:16 [wild_loop_v2] INFO: [wild-v2] ========== Iteration 2/10 START ==========
00:19:16 [wild_loop_v2] DEBUG: [wild-v2] Prompt built, length=9085 chars
00:19:16 [wild_loop_v2] DEBUG: [wild-v2] Display message: [Wild V2 — Step #2/10]
Role: run
Goal: [P1-T1] Verify environment and dependencies | deliverable: venv activated, requirements installed | done-when: `python -c "import toml; print('OK')"` succeeds
00:19:16 [wild_loop_v2] INFO: [wild-v2] No chat callback, using direct OpenCode
00:19:16 [wild_loop_v2] INFO: [wild-v2] Created OpenCode session: ses_3902afe93ffeBmgdoZvyznWZLr
00:19:16 [wild_loop_v2] INFO: [wild-v2] SSE stream connected for session ses_3902afe93ffeBmgdoZvyznWZLr
00:19:16 [wild_loop_v2] INFO: [wild-v2] Prompt sent to session ses_3902afe93ffeBmgdoZvyznWZLr
00:19:48 [research-agent-server] INFO: Created wild sweep fcf84a993570: triton-moe-baseline (goal: Establish performance baseline with default kernel config (BLOCK_SIZE=64, NUM_WA)
00:19:52 [research-agent-server] INFO: Created run 5fd290b5cb88: baseline-default-config (status: queued)
00:19:52 [research-agent-server] INFO: Launching run 5fd290b5cb88 in window ra-5fd290b5
00:19:52 [research-agent-server] INFO: Executing sidecar: /home/yuxua/hao_ai_lab/research-agent/.ra-venv/bin/python3 "/home/yuxua/hao_ai_lab/research-agent/server/job_sidecar.py" --job_id 5fd290b5cb88 --server_url http://127.0.0.1:10099 --command_file /home/yuxua/hao_ai_lab/research-agent/tests/story/flashinfer-kernel/.agents/runs/5fd290b5cb88/command.txt --agent_run_dir /home/yuxua/hao_ai_lab/research-agent/tests/story/flashinfer-kernel/.agents/runs/5fd290b5cb88 --workdir /home/yuxua/hao_ai_lab/research-agent/tests/story/flashinfer-kernel
00:19:56 [research-agent-server] INFO: Created wild sweep 503667b52f4a: triton-moe-grid-search (goal: Grid search for optimal kernel tuning parameters: BLOCK_SIZE, NUM_WARPS, NUM_STA)
00:19:57 [research-agent-server] INFO: Status update for 5fd290b5cb88: running
00:20:01 [research-agent-server] INFO: Status update for 5fd290b5cb88: finished
00:20:20 [research-agent-server] INFO: Created run 986a99af44dd: grid-bs256-nw8-ns4-fp8 (status: queued)
00:20:20 [research-agent-server] INFO: Launching run 986a99af44dd in window ra-986a99af
00:20:20 [research-agent-server] INFO: Executing sidecar: /home/yuxua/hao_ai_lab/research-agent/.ra-venv/bin/python3 "/home/yuxua/hao_ai_lab/research-agent/server/job_sidecar.py" --job_id 986a99af44dd --server_url http://127.0.0.1:10099 --command_file /home/yuxua/hao_ai_lab/research-agent/tests/story/flashinfer-kernel/.agents/runs/986a99af44dd/command.txt --agent_run_dir /home/yuxua/hao_ai_lab/research-agent/tests/story/flashinfer-kernel/.agents/runs/986a99af44dd --workdir /home/yuxua/hao_ai_lab/research-agent/tests/story/flashinfer-kernel
00:20:22 [research-agent-server] INFO: Created run e7a3cc9f6194: grid-bs256-nw8-ns4-nofp8 (status: queued)
00:20:22 [research-agent-server] INFO: Launching run e7a3cc9f6194 in window ra-e7a3cc9f
00:20:22 [research-agent-server] INFO: Executing sidecar: /home/yuxua/hao_ai_lab/research-agent/.ra-venv/bin/python3 "/home/yuxua/hao_ai_lab/research-agent/server/job_sidecar.py" --job_id e7a3cc9f6194 --server_url http://127.0.0.1:10099 --command_file /home/yuxua/hao_ai_lab/research-agent/tests/story/flashinfer-kernel/.agents/runs/e7a3cc9f6194/command.txt --agent_run_dir /home/yuxua/hao_ai_lab/research-agent/tests/story/flashinfer-kernel/.agents/runs/e7a3cc9f6194 --workdir /home/yuxua/hao_ai_lab/research-agent/tests/story/flashinfer-kernel
00:20:24 [research-agent-server] INFO: Status update for 986a99af44dd: running
00:20:24 [research-agent-server] INFO: Created run d92aabf41af6: grid-bs256-nw8-ns3-fp8 (status: queued)
00:20:24 [research-agent-server] INFO: Launching run d92aabf41af6 in window ra-d92aabf4
00:20:24 [research-agent-server] INFO: Executing sidecar: /home/yuxua/hao_ai_lab/research-agent/.ra-venv/bin/python3 "/home/yuxua/hao_ai_lab/research-agent/server/job_sidecar.py" --job_id d92aabf41af6 --server_url http://127.0.0.1:10099 --command_file /home/yuxua/hao_ai_lab/research-agent/tests/story/flashinfer-kernel/.agents/runs/d92aabf41af6/command.txt --agent_run_dir /home/yuxua/hao_ai_lab/research-agent/tests/story/flashinfer-kernel/.agents/runs/d92aabf41af6 --workdir /home/yuxua/hao_ai_lab/research-agent/tests/story/flashinfer-kernel
00:20:26 [research-agent-server] INFO: Status update for e7a3cc9f6194: running
00:20:26 [research-agent-server] INFO: Created run cc2d73ff62f5: grid-bs256-nw8-ns3-nofp8 (status: queued)
00:20:26 [research-agent-server] INFO: Launching run cc2d73ff62f5 in window ra-cc2d73ff
00:20:26 [research-agent-server] INFO: Executing sidecar: /home/yuxua/hao_ai_lab/research-agent/.ra-venv/bin/python3 "/home/yuxua/hao_ai_lab/research-agent/server/job_sidecar.py" --job_id cc2d73ff62f5 --server_url http://127.0.0.1:10099 --command_file /home/yuxua/hao_ai_lab/research-agent/tests/story/flashinfer-kernel/.agents/runs/cc2d73ff62f5/command.txt --agent_run_dir /home/yuxua/hao_ai_lab/research-agent/tests/story/flashinfer-kernel/.agents/runs/cc2d73ff62f5 --workdir /home/yuxua/hao_ai_lab/research-agent/tests/story/flashinfer-kernel
00:20:28 [research-agent-server] INFO: Status update for 986a99af44dd: finished
00:20:28 [research-agent-server] INFO: Created run 234ca6e5960f: grid-bs128-nw8-ns4-fp8 (status: queued)
00:20:28 [research-agent-server] INFO: Launching run 234ca6e5960f in window ra-234ca6e5
00:20:28 [research-agent-server] INFO: Executing sidecar: /home/yuxua/hao_ai_lab/research-agent/.ra-venv/bin/python3 "/home/yuxua/hao_ai_lab/research-agent/server/job_sidecar.py" --job_id 234ca6e5960f --server_url http://127.0.0.1:10099 --command_file /home/yuxua/hao_ai_lab/research-agent/tests/story/flashinfer-kernel/.agents/runs/234ca6e5960f/command.txt --agent_run_dir /home/yuxua/hao_ai_lab/research-agent/tests/story/flashinfer-kernel/.agents/runs/234ca6e5960f --workdir /home/yuxua/hao_ai_lab/research-agent/tests/story/flashinfer-kernel
00:20:28 [research-agent-server] INFO: Status update for d92aabf41af6: running
00:20:30 [research-agent-server] INFO: Status update for e7a3cc9f6194: finished
00:20:30 [research-agent-server] INFO: Status update for cc2d73ff62f5: running
00:20:32 [research-agent-server] INFO: Status update for 234ca6e5960f: running
00:20:32 [research-agent-server] INFO: Status update for d92aabf41af6: finished
00:20:33 [research-agent-server] INFO: Created run 1b1eb7b15f11: grid-bs128-nw8-ns3-fp8 (status: queued)
00:20:33 [research-agent-server] INFO: Launching run 1b1eb7b15f11 in window ra-1b1eb7b1
00:20:34 [research-agent-server] INFO: Executing sidecar: /home/yuxua/hao_ai_lab/research-agent/.ra-venv/bin/python3 "/home/yuxua/hao_ai_lab/research-agent/server/job_sidecar.py" --job_id 1b1eb7b15f11 --server_url http://127.0.0.1:10099 --command_file /home/yuxua/hao_ai_lab/research-agent/tests/story/flashinfer-kernel/.agents/runs/1b1eb7b15f11/command.txt --agent_run_dir /home/yuxua/hao_ai_lab/research-agent/tests/story/flashinfer-kernel/.agents/runs/1b1eb7b15f11 --workdir /home/yuxua/hao_ai_lab/research-agent/tests/story/flashinfer-kernel
00:20:34 [research-agent-server] INFO: Status update for cc2d73ff62f5: finished
00:20:35 [research-agent-server] INFO: Created run a78f98d3b212: grid-bs256-nw4-ns4-fp8 (status: queued)
00:20:35 [research-agent-server] INFO: Launching run a78f98d3b212 in window ra-a78f98d3
00:20:35 [research-agent-server] INFO: Executing sidecar: /home/yuxua/hao_ai_lab/research-agent/.ra-venv/bin/python3 "/home/yuxua/hao_ai_lab/research-agent/server/job_sidecar.py" --job_id a78f98d3b212 --server_url http://127.0.0.1:10099 --command_file /home/yuxua/hao_ai_lab/research-agent/tests/story/flashinfer-kernel/.agents/runs/a78f98d3b212/command.txt --agent_run_dir /home/yuxua/hao_ai_lab/research-agent/tests/story/flashinfer-kernel/.agents/runs/a78f98d3b212 --workdir /home/yuxua/hao_ai_lab/research-agent/tests/story/flashinfer-kernel
00:20:36 [research-agent-server] INFO: Status update for 234ca6e5960f: finished
00:20:37 [research-agent-server] INFO: Status update for 1b1eb7b15f11: running
00:20:37 [research-agent-server] INFO: Created run 113d6e9f38bf: grid-bs256-nw16-ns4-fp8 (status: queued)
00:20:38 [research-agent-server] INFO: Launching run 113d6e9f38bf in window ra-113d6e9f
00:20:38 [research-agent-server] INFO: Executing sidecar: /home/yuxua/hao_ai_lab/research-agent/.ra-venv/bin/python3 "/home/yuxua/hao_ai_lab/research-agent/server/job_sidecar.py" --job_id 113d6e9f38bf --server_url http://127.0.0.1:10099 --command_file /home/yuxua/hao_ai_lab/research-agent/tests/story/flashinfer-kernel/.agents/runs/113d6e9f38bf/command.txt --agent_run_dir /home/yuxua/hao_ai_lab/research-agent/tests/story/flashinfer-kernel/.agents/runs/113d6e9f38bf --workdir /home/yuxua/hao_ai_lab/research-agent/tests/story/flashinfer-kernel
00:20:39 [research-agent-server] INFO: Status update for a78f98d3b212: running
00:20:39 [research-agent-server] INFO: Status update for 113d6e9f38bf: running
00:20:39 [research-agent-server] INFO: Status update for 1b1eb7b15f11: finished
00:20:40 [wild_loop_v2] INFO: [wild-v2] SSE: session idle — 1082 events, 721 text deltas, 2805 chars
00:20:40 [wild_loop_v2] INFO: [wild-v2] SSE stream ended: 1082 total events, 721 text, 2805 chars
00:20:40 [wild_loop_v2] INFO: [wild-v2] Got 2805 chars of response
00:20:40 [wild_loop_v2] INFO: [wild-v2] Response received: 2805 chars (preview: Let me start by following the iteration protocol:  1. First, I need to do preflight checks on the se)
00:20:40 [wild_loop_v2] INFO: [wild-v2] Parsed: promise=None, has_plan=False, summary=Let me start by following the iteration protocol:  1. First, I need to do prefli
00:20:40 [wild_loop_v2] DEBUG: [wild-v2] Read tasks.md from disk: 7889 chars
00:20:40 [wild_loop_v2] INFO: [wild-v2] Iteration 2 metrics: duration=84.3s, files_modified=2, errors=0
00:20:40 [wild_loop_v2] INFO: [wild-v2] Git commit: wild-v2: iteration 2 — Optimize the Triton fused MoE kernel to maximize b
00:20:40 [wild_loop_v2] INFO: [wild-v2] ========== Iteration 2/10 END (promise=None, duration=84.3s) ==========
00:20:40 [wild_loop_v2] DEBUG: [wild-v2] Sleeping 2s before next iteration
00:20:41 [research-agent-server] INFO: Status update for a78f98d3b212: finished
00:20:42 [wild_loop_v2] INFO: [wild-v2] ========== Iteration 3/10 START ==========
00:20:42 [wild_loop_v2] DEBUG: [wild-v2] Prompt built, length=9085 chars
00:20:42 [wild_loop_v2] DEBUG: [wild-v2] Display message: [Wild V2 — Step #3/10]
Role: run
Goal: [P1-T1] Verify environment and dependencies | deliverable: venv activated, requirements installed | done-when: `python -c "import toml; print('OK')"` succeeds
00:20:42 [wild_loop_v2] INFO: [wild-v2] No chat callback, using direct OpenCode
00:20:42 [wild_loop_v2] INFO: [wild-v2] Created OpenCode session: ses_39029ad31ffeD2kbI1nPFnhmGh
00:20:42 [wild_loop_v2] INFO: [wild-v2] SSE stream connected for session ses_39029ad31ffeD2kbI1nPFnhmGh
00:20:43 [wild_loop_v2] INFO: [wild-v2] Prompt sent to session ses_39029ad31ffeD2kbI1nPFnhmGh
00:20:43 [research-agent-server] INFO: Status update for 113d6e9f38bf: finished
00:21:35 [research-agent-server] INFO: Created wild sweep 0fed248de22b: triton-moe-final-validation (goal: Final validation of optimal kernel config (BLOCK_SIZE=256, NUM_WARPS=8, NUM_STAG)
00:21:39 [research-agent-server] INFO: Created run afffd8295c33: final-validation-optimal-config (status: queued)
00:21:39 [research-agent-server] INFO: Launching run afffd8295c33 in window ra-afffd829
00:21:40 [research-agent-server] INFO: Executing sidecar: /home/yuxua/hao_ai_lab/research-agent/.ra-venv/bin/python3 "/home/yuxua/hao_ai_lab/research-agent/server/job_sidecar.py" --job_id afffd8295c33 --server_url http://127.0.0.1:10099 --command_file /home/yuxua/hao_ai_lab/research-agent/tests/story/flashinfer-kernel/.agents/runs/afffd8295c33/command.txt --agent_run_dir /home/yuxua/hao_ai_lab/research-agent/tests/story/flashinfer-kernel/.agents/runs/afffd8295c33 --workdir /home/yuxua/hao_ai_lab/research-agent/tests/story/flashinfer-kernel
00:21:41 [research-agent-server] INFO: Status update for afffd8295c33: running
00:21:45 [research-agent-server] INFO: Status update for afffd8295c33: finished
00:22:45 [wild_loop_v2] INFO: [wild-v2] SSE: session idle — 2010 events, 1685 text deltas, 6220 chars
00:22:45 [wild_loop_v2] INFO: [wild-v2] SSE stream ended: 2010 total events, 1685 text, 6220 chars
00:22:45 [wild_loop_v2] INFO: [wild-v2] Got 6220 chars of response
00:22:45 [wild_loop_v2] INFO: [wild-v2] Response received: 6220 chars (preview: The user wants me to act as an autonomous research engineer in iteration 3 of 10. The goal is to opt)
00:22:45 [wild_loop_v2] INFO: [wild-v2] Parsed: promise=DONE, has_plan=False, summary=Successfully optimized the Triton fused MoE kernel. Completed grid search of 8 c
00:22:45 [wild_loop_v2] DEBUG: [wild-v2] Read tasks.md from disk: 8548 chars
00:22:45 [wild_loop_v2] INFO: [wild-v2] Iteration 3 metrics: duration=122.5s, files_modified=3, errors=0
00:22:45 [wild_loop_v2] INFO: [wild-v2] Git commit: wild-v2: iteration 3 — Optimize the Triton fused MoE kernel to maximize b
00:22:45 [wild_loop_v2] INFO: [wild-v2] ========== Iteration 3/10 END (promise=DONE, duration=122.5s) ==========
00:22:45 [wild_loop_v2] INFO: [wild-v2] Agent signaled DONE at iteration 3 — running reflection
00:22:45 [wild_loop_v2] INFO: [wild-v2] No chat callback, using direct OpenCode
00:22:45 [wild_loop_v2] INFO: [wild-v2] Created OpenCode session: ses_39027cea8ffeSxOBqkMnRkLMUx
00:22:45 [wild_loop_v2] INFO: [wild-v2] SSE stream connected for session ses_39027cea8ffeSxOBqkMnRkLMUx
00:22:45 [wild_loop_v2] INFO: [wild-v2] Prompt sent to session ses_39027cea8ffeSxOBqkMnRkLMUx
00:23:10 [wild_loop_v2] INFO: [wild-v2] SSE: session idle — 1351 events, 1263 text deltas, 4918 chars
00:23:10 [wild_loop_v2] INFO: [wild-v2] SSE stream ended: 1351 total events, 1263 text, 4918 chars
00:23:10 [wild_loop_v2] INFO: [wild-v2] Got 4918 chars of response
00:23:10 [wild_loop_v2] INFO: [wild-v2] Reflection response: 4918 chars
00:23:10 [wild_loop_v2] INFO: [wild-v2] Reflection decided to STOP
00:23:10 [wild_loop_v2] INFO: [wild-v2] ========== REFLECTION at iteration 3 ==========
00:23:10 [wild_loop_v2] INFO: [wild-v2] No chat callback, using direct OpenCode
00:23:10 [wild_loop_v2] INFO: [wild-v2] Created OpenCode session: ses_390276db0ffew3JXCUZesmZSOY
00:23:10 [wild_loop_v2] INFO: [wild-v2] SSE stream connected for session ses_390276db0ffew3JXCUZesmZSOY
00:23:10 [wild_loop_v2] INFO: [wild-v2] Prompt sent to session ses_390276db0ffew3JXCUZesmZSOY
00:23:16 [wild_loop_v2] ERROR: [wild-v2] OpenCode run failed: peer closed connection without sending complete message body (incomplete chunked read)
Traceback (most recent call last):
  File "/home/yuxua/hao_ai_lab/research-agent/.ra-venv/lib/python3.13/site-packages/httpx/_transports/default.py", line 101, in map_httpcore_exceptions
    yield
  File "/home/yuxua/hao_ai_lab/research-agent/.ra-venv/lib/python3.13/site-packages/httpx/_transports/default.py", line 271, in __aiter__
    async for part in self._httpcore_stream:
        yield part
  File "/home/yuxua/hao_ai_lab/research-agent/.ra-venv/lib/python3.13/site-packages/httpcore/_async/connection_pool.py", line 407, in __aiter__
    raise exc from None
  File "/home/yuxua/hao_ai_lab/research-agent/.ra-venv/lib/python3.13/site-packages/httpcore/_async/connection_pool.py", line 403, in __aiter__
    async for part in self._stream:
        yield part
  File "/home/yuxua/hao_ai_lab/research-agent/.ra-venv/lib/python3.13/site-packages/httpcore/_async/http11.py", line 342, in __aiter__
    raise exc
  File "/home/yuxua/hao_ai_lab/research-agent/.ra-venv/lib/python3.13/site-packages/httpcore/_async/http11.py", line 334, in __aiter__
    async for chunk in self._connection._receive_response_body(**kwargs):
        yield chunk
  File "/home/yuxua/hao_ai_lab/research-agent/.ra-venv/lib/python3.13/site-packages/httpcore/_async/http11.py", line 203, in _receive_response_body
    event = await self._receive_event(timeout=timeout)
            ^^^^^^^^^^^^^^^^^^^^^^^^^^^^^^^^^^^^^^^^^^
  File "/home/yuxua/hao_ai_lab/research-agent/.ra-venv/lib/python3.13/site-packages/httpcore/_async/http11.py", line 213, in _receive_event
    with map_exceptions({h11.RemoteProtocolError: RemoteProtocolError}):
         ~~~~~~~~~~~~~~^^^^^^^^^^^^^^^^^^^^^^^^^^^^^^^^^^^^^^^^^^^^^^^^
  File "/home/yuxua/miniconda3/lib/python3.13/contextlib.py", line 162, in __exit__
    self.gen.throw(value)
    ~~~~~~~~~~~~~~^^^^^^^
  File "/home/yuxua/hao_ai_lab/research-agent/.ra-venv/lib/python3.13/site-packages/httpcore/_exceptions.py", line 14, in map_exceptions
    raise to_exc(exc) from exc
httpcore.RemoteProtocolError: peer closed connection without sending complete message body (incomplete chunked read)

The above exception was the direct cause of the following exception:

Traceback (most recent call last):
  File "/home/yuxua/hao_ai_lab/research-agent/server/wild_loop_v2.py", line 953, in _run_opencode
    full_text = await asyncio.wait_for(
                ^^^^^^^^^^^^^^^^^^^^^^^
    ...<2 lines>...
    )
    ^
  File "/home/yuxua/miniconda3/lib/python3.13/asyncio/tasks.py", line 507, in wait_for
    return await fut
           ^^^^^^^^^
  File "/home/yuxua/hao_ai_lab/research-agent/server/wild_loop_v2.py", line 994, in _stream_opencode_sse
    async for line in response.aiter_lines():
    ...<61 lines>...
            continue
  File "/home/yuxua/hao_ai_lab/research-agent/.ra-venv/lib/python3.13/site-packages/httpx/_models.py", line 1031, in aiter_lines
    async for text in self.aiter_text():
        for line in decoder.decode(text):
            yield line
  File "/home/yuxua/hao_ai_lab/research-agent/.ra-venv/lib/python3.13/site-packages/httpx/_models.py", line 1018, in aiter_text
    async for byte_content in self.aiter_bytes():
    ...<2 lines>...
            yield chunk
  File "/home/yuxua/hao_ai_lab/research-agent/.ra-venv/lib/python3.13/site-packages/httpx/_models.py", line 997, in aiter_bytes
    async for raw_bytes in self.aiter_raw():
    ...<2 lines>...
            yield chunk
  File "/home/yuxua/hao_ai_lab/research-agent/.ra-venv/lib/python3.13/site-packages/httpx/_models.py", line 1055, in aiter_raw
    async for raw_stream_bytes in self.stream:
    ...<2 lines>...
            yield chunk
  File "/home/yuxua/hao_ai_lab/research-agent/.ra-venv/lib/python3.13/site-packages/httpx/_client.py", line 176, in __aiter__
    async for chunk in self._stream:
        yield chunk
  File "/home/yuxua/hao_ai_lab/research-agent/.ra-venv/lib/python3.13/site-packages/httpx/_transports/default.py", line 270, in __aiter__
    with map_httpcore_exceptions():
         ~~~~~~~~~~~~~~~~~~~~~~~^^
  File "/home/yuxua/miniconda3/lib/python3.13/contextlib.py", line 162, in __exit__
    self.gen.throw(value)
    ~~~~~~~~~~~~~~^^^^^^^
  File "/home/yuxua/hao_ai_lab/research-agent/.ra-venv/lib/python3.13/site-packages/httpx/_transports/default.py", line 118, in map_httpcore_exceptions
    raise mapped_exc(message) from exc
httpx.RemoteProtocolError: peer closed connection without sending complete message body (incomplete chunked read)
00:23:16 [wild_loop_v2] INFO: [wild-v2] Got 0 chars of response
00:23:16 [wild_loop_v2] WARNING: [wild-v2] No <reflection> tag found in response
00:23:16 [wild_loop_v2] INFO: [wild-v2] ========== REFLECTION END ==========
00:23:16 [wild_loop_v2] INFO: [wild-v2] Loop ended for session wild-1c376ac0 (status=done)
